{
  "0 debug pnpm:scope": {
    "selected": 1
  },
  "1 error pnpm": {
    "code": "ELIFECYCLE",
    "errno": "ENOENT",
    "syscall": "spawn",
    "file": "sh",
    "pkgid": "edna-portfolio@0.0.0",
    "stage": "dev",
    "script": "vite",
    "pkgname": "edna-portfolio",
    "err": {
      "name": "pnpm",
      "message": "edna-portfolio@0.0.0 dev: `vite`\nspawn ENOENT",
      "code": "ELIFECYCLE",
      "stack": "pnpm: edna-portfolio@0.0.0 dev: `vite`\nspawn ENOENT\n    at ChildProcess.<anonymous> (/Users/unickhow/.nvm/versions/node/v16.14.2/pnpm-global/5/node_modules/.pnpm/pnpm@7.2.1/node_modules/pnpm/dist/pnpm.cjs:93917:22)\n    at ChildProcess.emit (node:events:526:28)\n    at maybeClose (node:internal/child_process:1092:16)\n    at Process.ChildProcess._handle.onexit (node:internal/child_process:302:5)"
    }
  },
  "2 warn pnpm:global": " Local package.json exists, but node_modules missing, did you mean to install?"
}